<?xml version="1.0" encoding="UTF-8"?>
<!-- Generated by org.testng.reporters.JUnitXMLReporter -->
<testsuite ignored="1" hostname="DESKTOP-TRKSDC0" failures="1" tests="3" name="Test" time="13.919" errors="0" timestamp="2025-06-15T13:15:45 IST">
  <testcase classname="Testcases.TC01_Verifylogin" name="TC01_Verifylogin" time="2.237"/>
  <testcase classname="Testcases.TC01_Verifylogin" name="TC01_Verifylogin" time="1.237">
    <failure type="java.lang.AssertionError" message="expected [true] but found [false]">
      <![CDATA[java.lang.AssertionError: expected [true] but found [false]
at Testcases.TC01_Verifylogin.TC01_Verifylogin(TC01_Verifylogin.java:38)
at java.base/java.util.ArrayList.forEach(ArrayList.java:1511)
... Removed 31 stack frames]]>
    </failure>
  </testcase> <!-- TC01_Verifylogin -->
  <testcase classname="Testcases.TC02_Add_Products" name="TC02_Add_Products" time="3.18"/>
  <testcase classname="Base.basetest" name="@AfterSuite tearDownExtentReport" time="0.0">
    <ignored/>
  </testcase> <!-- @AfterSuite tearDownExtentReport -->
</testsuite> <!-- Test -->
